<?xml version="1.0" encoding="UTF-8"?>
<!-- Generated by org.testng.reporters.JUnitReportReporter -->
<testsuite skipped="0" hostname="mrsz.local" name="com.qa.orangehrm.tests.HomePageTest" tests="4" failures="0" timestamp="2020-10-20T12:41:04 CDT" time="39.906" errors="0">
  <testcase name="verifyHomePageTitle" time="9.246" classname="com.qa.orangehrm.tests.HomePageTest"/>
  <system-out/>
  <testcase name="verifyHomePageHeader" time="10.965" classname="com.qa.orangehrm.tests.HomePageTest"/>
  <system-out/>
  <testcase name="verifyLoggedInUserAccount" time="10.005" classname="com.qa.orangehrm.tests.HomePageTest"/>
  <system-out/>
  <testcase name="verifyAuthentication" time="9.690" classname="com.qa.orangehrm.tests.HomePageTest"/>
  <system-out/>
</testsuite> <!-- com.qa.orangehrm.tests.HomePageTest -->
