<?xml version="1.0" encoding="UTF-8"?>
<!-- Generated by org.testng.reporters.JUnitReportReporter -->
<testsuite skipped="0" hostname="mrsz.local" name="com.qa.orangehrm.tests.AddEmployeeTest" tests="3" failures="0" timestamp="2020-10-19T20:11:52 CDT" time="33.649" errors="0">
  <testcase name="addEmployeeTest" time="14.563" classname="com.qa.orangehrm.tests.AddEmployeeTest"/>
  <system-out/>
  <testcase name="addEmployeeTest" time="9.170" classname="com.qa.orangehrm.tests.AddEmployeeTest"/>
  <system-out/>
  <testcase name="addEmployeeTest" time="9.916" classname="com.qa.orangehrm.tests.AddEmployeeTest"/>
  <system-out/>
</testsuite> <!-- com.qa.orangehrm.tests.AddEmployeeTest -->
