<?xml version="1.0" encoding="UTF-8"?>
<!-- Generated by org.testng.reporters.JUnitReportReporter -->
<testsuite skipped="2" hostname="mrsz.local" name="com.qa.orangehrm.tests.LoginPageTest" tests="8" failures="0" timestamp="2020-10-20T12:41:09 CDT" time="103.080" errors="0">
  <testcase name="verifyLoginPageTitle" time="18.310" classname="com.qa.orangehrm.tests.LoginPageTest"/>
  <system-out/>
  <testcase name="verifyLoginPageTitle" time="14.877" classname="com.qa.orangehrm.tests.LoginPageTest"/>
  <system-out/>
  <testcase name="verifyForgetPassLink" time="20.033" classname="com.qa.orangehrm.tests.LoginPageTest"/>
  <system-out/>
  <testcase name="verifyForgetPassLink" time="20.034" classname="com.qa.orangehrm.tests.LoginPageTest"/>
  <system-out/>
  <testcase name="loginTest" time="13.456" classname="com.qa.orangehrm.tests.LoginPageTest"/>
  <system-out/>
  <testcase name="loginTest" time="16.370" classname="com.qa.orangehrm.tests.LoginPageTest"/>
  <system-out/>
  <testcase name="Login_InvalidTestCase" classname="com.qa.orangehrm.tests.LoginPageTest">
    <skipped/>
  </testcase> <!-- Login_InvalidTestCase -->
  <system-out/>
  <testcase name="Login_InvalidTestCase" classname="com.qa.orangehrm.tests.LoginPageTest">
    <skipped/>
  </testcase> <!-- Login_InvalidTestCase -->
  <system-out/>
</testsuite> <!-- com.qa.orangehrm.tests.LoginPageTest -->
