<?xml version="1.0" encoding="UTF-8"?>
<!-- Generated by org.testng.reporters.JUnitReportReporter -->
<testsuite skipped="1" hostname="mrsz.local" name="com.qa.orangehrm.tests.LoginPageTest" tests="2" failures="0" timestamp="19 Oct 2020 17:16:36 GMT" time="2.236" errors="0">
  <testcase name="verifyLoginPageTitle" time="2.236" classname="com.qa.orangehrm.tests.LoginPageTest"/>
  <testcase name="Login_InvalidTestCase" classname="com.qa.orangehrm.tests.LoginPageTest">
    <skipped/>
  </testcase> <!-- Login_InvalidTestCase -->
</testsuite> <!-- com.qa.orangehrm.tests.LoginPageTest -->
