<?xml version="1.0" encoding="UTF-8"?>
<!-- Generated by org.testng.reporters.JUnitReportReporter -->
<testsuite skipped="0" hostname="mrsz.local" name="com.qa.orangehrm.tests.HomePageTest" tests="1" failures="0" timestamp="19 Oct 2020 17:16:31 GMT" time="6.086" errors="0">
  <testcase name="verifyHomePageTitle" time="6.086" classname="com.qa.orangehrm.tests.HomePageTest"/>
</testsuite> <!-- com.qa.orangehrm.tests.HomePageTest -->
